<?xml version="1.0" encoding="UTF-8"?>
<!-- Generated by org.testng.reporters.JUnitXMLReporter -->
<testsuite hostname="kaancakmak" ignored="0" name="Trendyol Rest API Tests" tests="7" failures="5" timestamp="2020-07-06T02:32:12 EET" time="9.146" errors="0">
  <testcase name="getBaseUrlAndCheckStatusCode" time="3.299" classname="api_test.TrendyolAPITest"/>
  <testcase name="verifyAPIStartsWithEmptyStore" time="1.675" classname="api_test.TrendyolAPITest">
    <failure type="java.lang.AssertionError" message="1 expectation failed.
JSON path size() doesn&amp;apos;t match.
Expected: &amp;lt;0&amp;gt;
  Actual: 3
">
      <![CDATA[java.lang.AssertionError: 1 expectation failed.
JSON path size() doesn't match.
Expected: <0>
  Actual: 3

at org.codehaus.groovy.runtime.callsite.ConstructorSite$ConstructorSiteNoUnwrap.callConstructor(ConstructorSite.java:84)
at org.codehaus.groovy.runtime.callsite.CallSiteArray.defaultCallConstructor(CallSiteArray.java:59)
at org.codehaus.groovy.runtime.callsite.AbstractCallSite.callConstructor(AbstractCallSite.java:263)
at org.codehaus.groovy.runtime.callsite.AbstractCallSite.callConstructor(AbstractCallSite.java:277)
at io.restassured.internal.ResponseSpecificationImpl$HamcrestAssertionClosure.validate(ResponseSpecificationImpl.groovy:493)
at io.restassured.internal.ResponseSpecificationImpl$HamcrestAssertionClosure$validate$1.call(Unknown Source)
at io.restassured.internal.ResponseSpecificationImpl.validateResponseIfRequired(ResponseSpecificationImpl.groovy:674)
at org.codehaus.groovy.runtime.callsite.PlainObjectMetaMethodSite.doInvoke(PlainObjectMetaMethodSite.java:43)
at org.codehaus.groovy.runtime.callsite.PogoMetaMethodSite$PogoCachedMethodSiteNoUnwrapNoCoerce.invoke(PogoMetaMethodSite.java:193)
at org.codehaus.groovy.runtime.callsite.PogoMetaMethodSite.callCurrent(PogoMetaMethodSite.java:61)
at org.codehaus.groovy.runtime.callsite.CallSiteArray.defaultCallCurrent(CallSiteArray.java:51)
at org.codehaus.groovy.runtime.callsite.AbstractCallSite.callCurrent(AbstractCallSite.java:171)
at org.codehaus.groovy.runtime.callsite.AbstractCallSite.callCurrent(AbstractCallSite.java:185)
at io.restassured.internal.ResponseSpecificationImpl.body(ResponseSpecificationImpl.groovy:261)
at io.restassured.specification.ResponseSpecification$body$1.callCurrent(Unknown Source)
at org.codehaus.groovy.runtime.callsite.CallSiteArray.defaultCallCurrent(CallSiteArray.java:51)
at org.codehaus.groovy.runtime.callsite.AbstractCallSite.callCurrent(AbstractCallSite.java:171)
at org.codehaus.groovy.runtime.callsite.AbstractCallSite.callCurrent(AbstractCallSite.java:212)
at io.restassured.internal.ResponseSpecificationImpl.body(ResponseSpecificationImpl.groovy:108)
at io.restassured.internal.ValidatableResponseOptionsImpl.body(ValidatableResponseOptionsImpl.java:244)
at io.restassured.internal.ValidatableResponseImpl.super$2$body(ValidatableResponseImpl.groovy)
at groovy.lang.MetaMethod.doMethodInvoke(MetaMethod.java:323)
at groovy.lang.MetaClassImpl.invokeMethod(MetaClassImpl.java:1262)
at org.codehaus.groovy.runtime.ScriptBytecodeAdapter.invokeMethodOnSuperN(ScriptBytecodeAdapter.java:144)
at io.restassured.internal.ValidatableResponseImpl.body(ValidatableResponseImpl.groovy:298)
at io.restassured.internal.ValidatableResponseImpl.body(ValidatableResponseImpl.groovy)
at api_test.TrendyolAPITest.verifyAPIStartsWithEmptyStore(TrendyolAPITest.java:31)
at java.util.ArrayList.forEach(ArrayList.java:1257)
... Removed 45 stack frames]]>
    </failure>
  </testcase> <!-- verifyAPIStartsWithEmptyStore -->
  <testcase name="verifyCreateNewBookViaPUT" time="1.029" classname="api_test.TrendyolAPITest">
    <failure type="io.restassured.internal.http.HttpResponseException" message="Bad Request">
      <![CDATA[io.restassured.internal.http.HttpResponseException: Bad Request
at io.restassured.internal.http.HTTPBuilder.defaultFailureHandler(HTTPBuilder.java:627)
at groovy.lang.MetaMethod.doMethodInvoke(MetaMethod.java:323)
at groovy.lang.MetaClassImpl.invokeMethod(MetaClassImpl.java:1262)
at groovy.lang.MetaClassImpl.invokeMethodClosure(MetaClassImpl.java:1042)
at groovy.lang.MetaClassImpl.invokeMethod(MetaClassImpl.java:1136)
at groovy.lang.MetaClassImpl.invokeMethod(MetaClassImpl.java:1029)
at groovy.lang.Closure.call(Closure.java:412)
at groovy.lang.Closure.call(Closure.java:428)
at groovy.lang.Closure$call$0.call(Unknown Source)
at org.codehaus.groovy.runtime.callsite.CallSiteArray.defaultCall(CallSiteArray.java:47)
at org.codehaus.groovy.runtime.callsite.AbstractCallSite.call(AbstractCallSite.java:125)
at org.codehaus.groovy.runtime.callsite.AbstractCallSite.call(AbstractCallSite.java:139)
at io.restassured.internal.RequestSpecificationImpl$RestAssuredHttpBuilder.doRequest(RequestSpecificationImpl.groovy:2065)
at io.restassured.internal.http.HTTPBuilder.doRequest(HTTPBuilder.java:495)
at io.restassured.internal.http.HTTPBuilder.request(HTTPBuilder.java:452)
at io.restassured.internal.http.HTTPBuilder$request$2.call(Unknown Source)
at io.restassured.internal.RequestSpecificationImpl.sendHttpRequest(RequestSpecificationImpl.groovy:1451)
at groovy.lang.MetaMethod.doMethodInvoke(MetaMethod.java:323)
at groovy.lang.MetaClassImpl.invokeMethod(MetaClassImpl.java:1262)
at groovy.lang.MetaClassImpl.invokeMethod(MetaClassImpl.java:1029)
at groovy.lang.MetaClassImpl.invokeMethod(MetaClassImpl.java:816)
at groovy.lang.GroovyObject.invokeMethod(GroovyObject.java:39)
at org.codehaus.groovy.runtime.callsite.PogoInterceptableSite.call(PogoInterceptableSite.java:45)
at org.codehaus.groovy.runtime.callsite.PogoInterceptableSite.callCurrent(PogoInterceptableSite.java:55)
at io.restassured.internal.RequestSpecificationImpl.sendRequest(RequestSpecificationImpl.groovy:1200)
at groovy.lang.MetaMethod.doMethodInvoke(MetaMethod.java:323)
at groovy.lang.MetaClassImpl.invokeMethod(MetaClassImpl.java:1262)
at groovy.lang.MetaClassImpl.invokeMethod(MetaClassImpl.java:1029)
at groovy.lang.MetaClassImpl.invokeMethod(MetaClassImpl.java:816)
at groovy.lang.GroovyObject.invokeMethod(GroovyObject.java:39)
at org.codehaus.groovy.runtime.callsite.PogoInterceptableSite.call(PogoInterceptableSite.java:45)
at org.codehaus.groovy.runtime.callsite.AbstractCallSite.call(AbstractCallSite.java:166)
at io.restassured.internal.filter.SendRequestFilter.filter(SendRequestFilter.groovy:30)
at io.restassured.filter.Filter$filter$0.call(Unknown Source)
at org.codehaus.groovy.runtime.callsite.CallSiteArray.defaultCall(CallSiteArray.java:47)
at io.restassured.filter.Filter$filter.call(Unknown Source)
at io.restassured.internal.filter.FilterContextImpl.next(FilterContextImpl.groovy:72)
at io.restassured.filter.time.TimingFilter.filter(TimingFilter.java:56)
at io.restassured.filter.Filter$filter.call(Unknown Source)
at org.codehaus.groovy.runtime.callsite.CallSiteArray.defaultCall(CallSiteArray.java:47)
at io.restassured.filter.Filter$filter$0.call(Unknown Source)
at io.restassured.internal.filter.FilterContextImpl.next(FilterContextImpl.groovy:72)
at io.restassured.filter.FilterContext$next.call(Unknown Source)
at io.restassured.internal.RequestSpecificationImpl.applyPathParamsAndSendRequest(RequestSpecificationImpl.groovy:1655)
at groovy.lang.MetaMethod.doMethodInvoke(MetaMethod.java:323)
at groovy.lang.MetaClassImpl.invokeMethod(MetaClassImpl.java:1262)
at groovy.lang.MetaClassImpl.invokeMethod(MetaClassImpl.java:1029)
at groovy.lang.MetaClassImpl.invokeMethod(MetaClassImpl.java:816)
at groovy.lang.GroovyObject.invokeMethod(GroovyObject.java:39)
at org.codehaus.groovy.runtime.callsite.PogoInterceptableSite.call(PogoInterceptableSite.java:45)
at org.codehaus.groovy.runtime.callsite.PogoInterceptableSite.callCurrent(PogoInterceptableSite.java:55)
at org.codehaus.groovy.runtime.callsite.AbstractCallSite.callCurrent(AbstractCallSite.java:203)
at io.restassured.internal.RequestSpecificationImpl.applyPathParamsAndSendRequest(RequestSpecificationImpl.groovy:1661)
at groovy.lang.MetaMethod.doMethodInvoke(MetaMethod.java:323)
at groovy.lang.MetaClassImpl.invokeMethod(MetaClassImpl.java:1262)
at groovy.lang.MetaClassImpl.invokeMethod(MetaClassImpl.java:1029)
at groovy.lang.MetaClassImpl.invokeMethod(MetaClassImpl.java:816)
at groovy.lang.GroovyObject.invokeMethod(GroovyObject.java:39)
at org.codehaus.groovy.runtime.callsite.PogoInterceptableSite.call(PogoInterceptableSite.java:45)
at org.codehaus.groovy.runtime.callsite.PogoInterceptableSite.callCurrent(PogoInterceptableSite.java:55)
at org.codehaus.groovy.runtime.callsite.CallSiteArray.defaultCallCurrent(CallSiteArray.java:51)
at org.codehaus.groovy.runtime.callsite.AbstractCallSite.callCurrent(AbstractCallSite.java:171)
at org.codehaus.groovy.runtime.callsite.AbstractCallSite.callCurrent(AbstractCallSite.java:203)
at io.restassured.internal.RequestSpecificationImpl.put(RequestSpecificationImpl.groovy:179)
at io.restassured.internal.RequestSpecificationImpl.put(RequestSpecificationImpl.groovy)
at api_test.TrendyolAPITest.verifyCreateNewBookViaPUT(TrendyolAPITest.java:91)
at java.util.ArrayList.forEach(ArrayList.java:1257)
... Removed 55 stack frames]]>
    </failure>
  </testcase> <!-- verifyCreateNewBookViaPUT -->
  <testcase name="verifyDublicateDataCanNotBeCreated" time="0.768" classname="api_test.TrendyolAPITest">
    <failure type="org.junit.ComparisonFailure" message="expected:&amp;lt;[Bad Request]&amp;gt; but was:&amp;lt;[: Another book with similar title and author already exists.]&amp;gt;">
      <![CDATA[org.junit.ComparisonFailure: expected:<[Bad Request]> but was:<[: Another book with similar title and author already exists.]>
at org.junit.Assert.assertEquals(Assert.java:115)
at org.junit.Assert.assertEquals(Assert.java:144)
at api_test.TrendyolAPITest.verifyDublicateDataCanNotBeCreated(TrendyolAPITest.java:123)
at java.util.ArrayList.forEach(ArrayList.java:1257)
... Removed 30 stack frames]]>
    </failure>
  </testcase> <!-- verifyDublicateDataCanNotBeCreated -->
  <testcase name="verifyIdFieldIsReadOnly" time="0.762" classname="api_test.TrendyolAPITest"/>
  <testcase name="verifyTitleAndAuthorAreRequired" time="0.802" classname="api_test.TrendyolAPITest">
    <failure type="org.junit.ComparisonFailure" message="expected:&amp;lt;[Bad Request]&amp;gt; but was:&amp;lt;[Field &amp;apos;title&amp;apos; is required]&amp;gt;">
      <![CDATA[org.junit.ComparisonFailure: expected:<[Bad Request]> but was:<[Field 'title' is required]>
at org.junit.Assert.assertEquals(Assert.java:115)
at org.junit.Assert.assertEquals(Assert.java:144)
at api_test.TrendyolAPITest.verifyTitleAndAuthorAreRequired(TrendyolAPITest.java:45)
at java.util.ArrayList.forEach(ArrayList.java:1257)
... Removed 30 stack frames]]>
    </failure>
  </testcase> <!-- verifyTitleAndAuthorAreRequired -->
  <testcase name="verifyTitleAndAuthorCannotBeEmpty" time="0.751" classname="api_test.TrendyolAPITest">
    <failure type="org.junit.ComparisonFailure" message="expected:&amp;lt;[Bad Request]&amp;gt; but was:&amp;lt;[Field &amp;apos;author&amp;apos; cannot be empty]&amp;gt;">
      <![CDATA[org.junit.ComparisonFailure: expected:<[Bad Request]> but was:<[Field 'author' cannot be empty]>
at org.junit.Assert.assertEquals(Assert.java:115)
at org.junit.Assert.assertEquals(Assert.java:144)
at api_test.TrendyolAPITest.verifyTitleAndAuthorCannotBeEmpty(TrendyolAPITest.java:61)
at java.util.ArrayList.forEach(ArrayList.java:1257)
... Removed 30 stack frames]]>
    </failure>
  </testcase> <!-- verifyTitleAndAuthorCannotBeEmpty -->
</testsuite> <!-- Trendyol Rest API Tests -->
