<?xml version="1.0" encoding="UTF-8"?>
<testsuite xmlns:xsi="http://www.w3.org/2001/XMLSchema-instance" xsi:noNamespaceSchemaLocation="https://maven.apache.org/surefire/maven-surefire-plugin/xsd/surefire-test-report.xsd" name="TestSuite" time="10.06" tests="7" errors="0" skipped="0" failures="5">
  <properties>
[...]
</properties>
  <testcase name="getBaseUrlAndCheckStatusCode" classname="api_test.TrendyolAPITest" time="3.301"/>
  <testcase name="verifyAPIStartsWithEmptyStore" classname="api_test.TrendyolAPITest" time="1.685">
    <failure message="1 expectation failed.&#10;JSON path size() doesn&apos;t match.&#10;Expected: &lt;0&gt;&#10;  Actual: 3&#10;" type="java.lang.AssertionError"><![CDATA[java.lang.AssertionError: 
1 expectation failed.
JSON path size() doesn't match.
Expected: <0>
  Actual: 3

	at api_test.TrendyolAPITest.verifyAPIStartsWithEmptyStore(TrendyolAPITest.java:31)
]]></failure>
  </testcase>
  <testcase name="verifyCreateNewBookViaPUT" classname="api_test.TrendyolAPITest" time="1.028">
    <failure message="Bad Request" type="io.restassured.internal.http.HttpResponseException">io.restassured.internal.http.HttpResponseException: Bad Request
	at api_test.TrendyolAPITest.verifyCreateNewBookViaPUT(TrendyolAPITest.java:91)
</failure>
  </testcase>
  <testcase name="verifyDublicateDataCanNotBeCreated" classname="api_test.TrendyolAPITest" time="0.769">
    <failure message="expected:&lt;[Bad Request]&gt; but was:&lt;[: Another book with similar title and author already exists.]&gt;" type="org.junit.ComparisonFailure"><![CDATA[org.junit.ComparisonFailure: expected:<[Bad Request]> but was:<[: Another book with similar title and author already exists.]>
	at api_test.TrendyolAPITest.verifyDublicateDataCanNotBeCreated(TrendyolAPITest.java:123)
]]></failure>
  </testcase>
  <testcase name="verifyIdFieldIsReadOnly" classname="api_test.TrendyolAPITest" time="0.76"/>
  <testcase name="verifyTitleAndAuthorAreRequired" classname="api_test.TrendyolAPITest" time="0.802">
    <failure message="expected:&lt;[Bad Request]&gt; but was:&lt;[Field &apos;title&apos; is required]&gt;" type="org.junit.ComparisonFailure"><![CDATA[org.junit.ComparisonFailure: expected:<[Bad Request]> but was:<[Field 'title' is required]>
	at api_test.TrendyolAPITest.verifyTitleAndAuthorAreRequired(TrendyolAPITest.java:45)
]]></failure>
  </testcase>
  <testcase name="verifyTitleAndAuthorCannotBeEmpty" classname="api_test.TrendyolAPITest" time="0.752">
    <failure message="expected:&lt;[Bad Request]&gt; but was:&lt;[Field &apos;author&apos; cannot be empty]&gt;" type="org.junit.ComparisonFailure"><![CDATA[org.junit.ComparisonFailure: expected:<[Bad Request]> but was:<[Field 'author' cannot be empty]>
	at api_test.TrendyolAPITest.verifyTitleAndAuthorCannotBeEmpty(TrendyolAPITest.java:61)
]]></failure>
  </testcase>
</testsuite>