-------------------------------------------------------------------------------
Test set: TestSuite
-------------------------------------------------------------------------------
Tests run: 7, Failures: 5, Errors: 0, Skipped: 0, Time elapsed: 10.06 s <<< FAILURE! - in TestSuite
verifyAPIStartsWithEmptyStore(api_test.TrendyolAPITest)  Time elapsed: 1.685 s  <<< FAILURE!
java.lang.AssertionError: 
1 expectation failed.
JSON path size() doesn't match.
Expected: <0>
  Actual: 3

	at api_test.TrendyolAPITest.verifyAPIStartsWithEmptyStore(TrendyolAPITest.java:31)

verifyCreateNewBookViaPUT(api_test.TrendyolAPITest)  Time elapsed: 1.028 s  <<< FAILURE!
io.restassured.internal.http.HttpResponseException: Bad Request
	at api_test.TrendyolAPITest.verifyCreateNewBookViaPUT(TrendyolAPITest.java:91)

verifyDublicateDataCanNotBeCreated(api_test.TrendyolAPITest)  Time elapsed: 0.769 s  <<< FAILURE!
org.junit.ComparisonFailure: expected:<[Bad Request]> but was:<[: Another book with similar title and author already exists.]>
	at api_test.TrendyolAPITest.verifyDublicateDataCanNotBeCreated(TrendyolAPITest.java:123)

verifyTitleAndAuthorAreRequired(api_test.TrendyolAPITest)  Time elapsed: 0.802 s  <<< FAILURE!
org.junit.ComparisonFailure: expected:<[Bad Request]> but was:<[Field 'title' is required]>
	at api_test.TrendyolAPITest.verifyTitleAndAuthorAreRequired(TrendyolAPITest.java:45)

verifyTitleAndAuthorCannotBeEmpty(api_test.TrendyolAPITest)  Time elapsed: 0.752 s  <<< FAILURE!
org.junit.ComparisonFailure: expected:<[Bad Request]> but was:<[Field 'author' cannot be empty]>
	at api_test.TrendyolAPITest.verifyTitleAndAuthorCannotBeEmpty(TrendyolAPITest.java:61)

